{
  "RSpec": {
    "coverage": {
      "/Users/jimbo/kpc/kpc_monolith/kpc/app/helpers/application_helper.rb": {
        "lines": [
          1,
          null
        ]
      },
      "/Users/jimbo/kpc/kpc_monolith/kpc/app/models/golfer_night.rb": {
        "lines": [
          1,
          1,
          1,
          null
        ]
      },
      "/Users/jimbo/kpc/kpc_monolith/kpc/app/models/golfer_round.rb": {
        "lines": [
          1,
          1,
          1,
          null
        ]
      },
      "/Users/jimbo/kpc/kpc_monolith/kpc/app/models/golfer.rb": {
        "lines": [
          1,
          1,
          1,
          1,
          1,
          1,
          1,
          null,
          1,
          1,
          1,
          1,
          1,
          1,
          1,
          1,
          null,
          null,
          null,
          null,
          null,
          null,
          null,
          null,
          null,
          null,
          null,
          null,
          null,
          null,
          null,
          null,
          null,
          null,
          null,
          null,
          null
        ]
      },
      "/Users/jimbo/kpc/kpc_monolith/kpc/app/models/golfer_trip.rb": {
        "lines": [
          1,
          1,
          1,
          null
        ]
      },
      "/Users/jimbo/kpc/kpc_monolith/kpc/app/models/night.rb": {
        "lines": [
          1,
          1,
          1,
          1,
          null
        ]
      },
      "/Users/jimbo/kpc/kpc_monolith/kpc/app/models/round.rb": {
        "lines": [
          1,
          1,
          1,
          1,
          null
        ]
      },
      "/Users/jimbo/kpc/kpc_monolith/kpc/app/models/trip.rb": {
        "lines": [
          1,
          1,
          1,
          1,
          1,
          null
        ]
      },
      "/Users/jimbo/kpc/kpc_monolith/kpc/app/controllers/application_controller.rb": {
        "lines": [
          0,
          0
        ],
        "branches": {
        }
      }
    },
    "timestamp": 1722441481
  }
}
